TN:
SF:..\02-ratelimitter.js
FN:19,rateLimiter
FNF:1
FNH:1
FNDA:13,rateLimiter
DA:1,1
DA:2,1
DA:3,1
DA:4,1
DA:5,1
DA:6,1
DA:7,1
DA:8,1
DA:9,1
DA:10,1
DA:11,1
DA:12,1
DA:13,1
DA:14,1
DA:15,1
DA:16,7
DA:17,1
DA:18,1
DA:19,1
DA:20,13
DA:21,13
DA:22,0
DA:23,0
DA:24,0
DA:25,0
DA:26,0
DA:27,0
DA:28,13
DA:29,13
DA:30,13
DA:31,1
DA:32,1
DA:33,1
DA:34,1
DA:35,13
DA:36,1
DA:37,1
DA:38,1
DA:39,0
DA:40,1
DA:41,1
DA:42,1
LF:42
LH:35
BRDA:15,0,0,7
BRDA:19,1,0,13
BRDA:21,2,0,0
BRDA:34,3,0,13
BRF:4
BRH:3
end_of_record
